ok
ok
ok
ok
weapon bought successfully
insufficient money
weapon bought successfully
weapon bought successfully
you already have this weapon
you already have this weapon
600
counter-terrorist players:
ca 0 0
cb 0 0
terrorist players:
ta 0 0
tb 0 0
The game hasn't started yet
fight!
you can't buy weapons anymore
1000
600
ok
you can't shoot this player
user not available
user not available
user not available
nice shot
nice shot
nice shot
nice shot
600
800
counter-terrorist players:
ca 0 0
cb 0 1
terrorist players:
tb 1 0
ta 0 0
0
600
800
terrorist won
100
weapon bought successfully
ok
counter-terrorist won
ok
ok
5300
6100
5700
5900
counter-terrorist won
ok
ok
user not available
user not available
weapon bought successfully
weapon bought successfully
8000
8800
8100
fight!
user not available
ok
nice shot
attacker doesn't have this gun
attacker doesn't have this gun
nice shot
ok
8300
300
ok
attacker doesn't have this gun
attacker doesn't have this gun
nice shot
nice shot
nice shot
attacked is dead
3400
30
nice shot
0
counter-terrorist won
counter-terrorist players:
cc 2 0
ca 0 0
cd 0 0
cb 0 1
terrorist players:
tb 1 0
td 0 0
ta 0 1
tc 0 1
10000
10000
10000
10000
fight!
3700
5800
3700
100
counter-terrorist won
counter-terrorist players:
cc 2 0
ca 0 0
cd 0 0
cb 0 1
terrorist players:
tb 1 0
td 0 0
ta 0 1
tc 0 1
